[debug] [2018-11-26T08:06:26.250Z] ----------------------------------------------------------------------
[debug] [2018-11-26T08:06:26.255Z] Command:       C:\Program Files\nodejs\node.exe C:\Users\USER\AppData\Roaming\npm\node_modules\firebase-tools\lib\bin\firebase.js serve --only hosting
[debug] [2018-11-26T08:06:26.255Z] CLI Version:   6.1.1
[debug] [2018-11-26T08:06:26.255Z] Platform:      win32
[debug] [2018-11-26T08:06:26.255Z] Node Version:  v10.13.0
[debug] [2018-11-26T08:06:26.260Z] Time:          Mon Nov 26 2018 17:06:26 GMT+0900 (GMT+09:00)
[debug] [2018-11-26T08:06:26.260Z] ----------------------------------------------------------------------
[debug] 
[debug] [2018-11-26T08:06:26.284Z] > command requires scopes: ["email","openid","https://www.googleapis.com/auth/cloudplatformprojects.readonly","https://www.googleapis.com/auth/firebase","https://www.googleapis.com/auth/cloud-platform"]
[debug] [2018-11-26T08:06:26.285Z] > authorizing via signed-in user
[debug] [2018-11-26T08:06:26.285Z] [iam] checking project friendlychat-28c24 for permissions ["firebase.projects.get"]
[debug] [2018-11-26T08:06:26.289Z] >>> HTTP REQUEST POST https://cloudresourcemanager.googleapis.com/v1/projects/friendlychat-28c24:testIamPermissions  

[debug] [2018-11-26T08:06:27.915Z] <<< HTTP RESPONSE 200
[debug] [2018-11-26T08:06:27.919Z] >>> HTTP REQUEST GET https://cloudresourcemanager.googleapis.com/v1/projects/friendlychat-28c24  
 
[debug] [2018-11-26T08:06:29.322Z] <<< HTTP RESPONSE 200
[info] 
[info] === Serving from 'C:\Users\USER\friendlychat-web\web-start'...
[info] 
[debug] [2018-11-26T08:06:29.329Z] >>> HTTP REQUEST GET https://mobilesdk-pa.googleapis.com/v1/projects/703440973432/clients/_:getWebAppConfig  
 
[debug] [2018-11-26T08:06:30.550Z] <<< HTTP RESPONSE 200
[info] i  hosting: Serving hosting files from: ./public
[info] +  hosting: Local server: http://localhost:5000
