[debug] [2018-11-23T14:15:28.794Z] ----------------------------------------------------------------------
[debug] [2018-11-23T14:15:28.798Z] Command:       /usr/local/Cellar/node/11.2.0/bin/node /usr/local/bin/firebase serve
[debug] [2018-11-23T14:15:28.798Z] CLI Version:   6.1.1
[debug] [2018-11-23T14:15:28.799Z] Platform:      darwin
[debug] [2018-11-23T14:15:28.799Z] Node Version:  v11.2.0
[debug] [2018-11-23T14:15:28.800Z] Time:          Fri Nov 23 2018 23:15:28 GMT+0900 (대한민국 표준시)
[debug] [2018-11-23T14:15:28.800Z] ----------------------------------------------------------------------
[debug] 
[debug] [2018-11-23T14:15:28.828Z] > command requires scopes: ["email","openid","https://www.googleapis.com/auth/cloudplatformprojects.readonly","https://www.googleapis.com/auth/firebase","https://www.googleapis.com/auth/cloud-platform"]
[debug] [2018-11-23T14:15:28.828Z] > authorizing via signed-in user
[debug] [2018-11-23T14:15:28.828Z] [iam] checking project chat-50161 for permissions ["firebase.projects.get"]
[debug] [2018-11-23T14:15:28.831Z] > refreshing access token with scopes: ["email","https://www.googleapis.com/auth/cloud-platform","https://www.googleapis.com/auth/cloudplatformprojects.readonly","https://www.googleapis.com/auth/firebase","openid"]
[debug] [2018-11-23T14:15:28.832Z] >>> HTTP REQUEST POST https://www.googleapis.com/oauth2/v3/token  
 <request body omitted>
[debug] [2018-11-23T14:15:29.362Z] <<< HTTP RESPONSE 200
[debug] [2018-11-23T14:15:29.376Z] >>> HTTP REQUEST POST https://cloudresourcemanager.googleapis.com/v1/projects/chat-50161:testIamPermissions  

[debug] [2018-11-23T14:15:30.965Z] <<< HTTP RESPONSE 200
[debug] [2018-11-23T14:15:30.966Z] >>> HTTP REQUEST GET https://cloudresourcemanager.googleapis.com/v1/projects/chat-50161  
 
[debug] [2018-11-23T14:15:32.491Z] <<< HTTP RESPONSE 200
[info] 
[info] === Serving from '/Users/jungsoo/Desktop/friendlychat-web/web-start'...
[info] 
[info] i  functions: Preparing to emulate functions.
[debug] [2018-11-23T14:15:39.783Z] Fetching environment
[debug] [2018-11-23T14:15:39.815Z] >>> HTTP REQUEST GET https://mobilesdk-pa.googleapis.com/v1/projects/706586139868:getServerAppConfig  
 
[debug] [2018-11-23T14:15:39.816Z] >>> HTTP REQUEST GET https://mobilesdk-pa.googleapis.com/v1/projects/706586139868/clients/_:getWebAppConfig  
 
[debug] [2018-11-23T14:15:40.572Z] <<< HTTP RESPONSE 200
[debug] [2018-11-23T14:15:40.572Z] Starting @google-cloud/functions-emulator
[debug] [2018-11-23T14:15:40.963Z] <<< HTTP RESPONSE 200
[info] i  hosting: Serving hosting files from: ./public
[info] ✔  hosting: Local server: http://localhost:5000
[debug] [2018-11-23T14:15:45.743Z] Parsing function triggers
[info] i  functions: No HTTPS functions found. Use firebase functions:shell if you would like to emulate other types of functions.
[debug] [2018-11-23T14:17:07.146Z] Error: getaddrinfo ENOTFOUND www.gstatic.com www.gstatic.com:443
    at GetAddrInfoReqWrap.onlookup [as oncomplete] (dns.js:58:26)
[error] 
[error] Error: An unexpected error has occurred.
[debug] [2018-11-23T14:17:22.532Z] ----------------------------------------------------------------------
[debug] [2018-11-23T14:17:22.534Z] Command:       /usr/local/Cellar/node/11.2.0/bin/node /usr/local/bin/firebase serve
[debug] [2018-11-23T14:17:22.535Z] CLI Version:   6.1.1
[debug] [2018-11-23T14:17:22.535Z] Platform:      darwin
[debug] [2018-11-23T14:17:22.535Z] Node Version:  v11.2.0
[debug] [2018-11-23T14:17:22.536Z] Time:          Fri Nov 23 2018 23:17:22 GMT+0900 (대한민국 표준시)
[debug] [2018-11-23T14:17:22.536Z] ----------------------------------------------------------------------
[debug] 
[debug] [2018-11-23T14:17:22.548Z] > command requires scopes: ["email","openid","https://www.googleapis.com/auth/cloudplatformprojects.readonly","https://www.googleapis.com/auth/firebase","https://www.googleapis.com/auth/cloud-platform"]
[debug] [2018-11-23T14:17:22.549Z] > authorizing via signed-in user
[debug] [2018-11-23T14:17:22.549Z] [iam] checking project chat-50161 for permissions ["firebase.projects.get"]
[debug] [2018-11-23T14:17:22.550Z] >>> HTTP REQUEST POST https://cloudresourcemanager.googleapis.com/v1/projects/chat-50161:testIamPermissions  

[debug] [2018-11-23T14:17:24.148Z] <<< HTTP RESPONSE 200
[debug] [2018-11-23T14:17:24.149Z] >>> HTTP REQUEST GET https://cloudresourcemanager.googleapis.com/v1/projects/chat-50161  
 
[debug] [2018-11-23T14:17:25.650Z] <<< HTTP RESPONSE 200
[info] 
[info] === Serving from '/Users/jungsoo/Desktop/friendlychat-web/web-start'...
[info] 
[info] i  functions: Preparing to emulate functions.
[debug] [2018-11-23T14:17:27.234Z] Fetching environment
[debug] [2018-11-23T14:17:27.276Z] >>> HTTP REQUEST GET https://mobilesdk-pa.googleapis.com/v1/projects/706586139868:getServerAppConfig  
 
[debug] [2018-11-23T14:17:27.277Z] >>> HTTP REQUEST GET https://mobilesdk-pa.googleapis.com/v1/projects/706586139868/clients/_:getWebAppConfig  
 
[debug] [2018-11-23T14:17:28.039Z] <<< HTTP RESPONSE 200
[debug] [2018-11-23T14:17:28.039Z] Starting @google-cloud/functions-emulator
[debug] [2018-11-23T14:17:29.006Z] <<< HTTP RESPONSE 200
[info] i  hosting: Serving hosting files from: ./public
[info] ✔  hosting: Local server: http://localhost:5000
[debug] [2018-11-23T14:17:29.586Z] Parsing function triggers
[info] i  functions: No HTTPS functions found. Use firebase functions:shell if you would like to emulate other types of functions.
